                         Chronologic VCS (TM)
       Version T-2022.06-SP2_Full64 -- Mon Jun 22 00:38:35 2026

                    Copyright (c) 1991 - 2022 Synopsys, Inc.
   This software and the associated documentation are proprietary to Synopsys,
 Inc. This software may only be used in accordance with the terms and conditions
 of a written license agreement with Synopsys, Inc. All other use, reproduction,
   or distribution of this software is strictly prohibited.  Licensed Products
     communicate with Synopsys servers for the purpose of providing software
    updates, detecting software piracy and verifying that customers are using
    Licensed Products in conformity with the applicable License Key for such
  Licensed Products. Synopsys will use information gathered in connection with
    this process to deliver software updates and pursue software pirates and
                                   infringers.

 Inclusivity & Diversity - Visit SolvNetPlus to read the "Synopsys Statement on
            Inclusivity and Diversity" (Refer to article 000036315 at
                        https://solvnetplus.synopsys.com)

Parsing design file 'design/bird.sv'
Parsing design file 'verif/cfg/bird_cfg_pkg.sv'
Parsing design file 'verif/tb/tb_top.sv'
Parsing included file 'verif/env/transaction.sv'.
Back to file 'verif/tb/tb_top.sv'.
Parsing included file 'verif/if/bird_if.sv'.
Back to file 'verif/tb/tb_top.sv'.
Parsing included file 'verif/seq/generator.sv'.
Parsing included file 'verif/env/transaction.sv'.
Back to file 'verif/seq/generator.sv'.
Back to file 'verif/tb/tb_top.sv'.
Parsing included file 'verif/env/driver.sv'.
Parsing included file 'verif/env/transaction.sv'.
Back to file 'verif/env/driver.sv'.
Back to file 'verif/tb/tb_top.sv'.
Parsing included file 'verif/env/monitor.sv'.
Parsing included file 'verif/env/transaction.sv'.
Back to file 'verif/env/monitor.sv'.
Back to file 'verif/tb/tb_top.sv'.
Parsing included file 'verif/env/agent.sv'.
Parsing included file 'verif/env/transaction.sv'.
Back to file 'verif/env/agent.sv'.
Parsing included file 'verif/env/driver.sv'.
Back to file 'verif/env/agent.sv'.
Parsing included file 'verif/env/monitor.sv'.
Back to file 'verif/env/agent.sv'.
Back to file 'verif/tb/tb_top.sv'.
Parsing included file 'verif/env/ref_model.sv'.
Parsing included file 'verif/env/transaction.sv'.
Back to file 'verif/env/ref_model.sv'.
Back to file 'verif/tb/tb_top.sv'.
Parsing included file 'verif/env/coverage.sv'.
Parsing included file 'verif/env/transaction.sv'.
Back to file 'verif/env/coverage.sv'.
Back to file 'verif/tb/tb_top.sv'.
Parsing included file 'verif/env/scoreboard.sv'.
Parsing included file 'verif/env/transaction.sv'.
Back to file 'verif/env/scoreboard.sv'.
Parsing included file 'verif/env/monitor.sv'.
Back to file 'verif/env/scoreboard.sv'.
Parsing included file 'verif/env/ref_model.sv'.
Back to file 'verif/env/scoreboard.sv'.
Parsing included file 'verif/env/coverage.sv'.
Back to file 'verif/env/scoreboard.sv'.
Back to file 'verif/tb/tb_top.sv'.
Parsing included file 'verif/env/environment.sv'.
Parsing included file 'verif/env/transaction.sv'.
Back to file 'verif/env/environment.sv'.
Parsing included file 'verif/seq/generator.sv'.
Back to file 'verif/env/environment.sv'.
Parsing included file 'verif/env/driver.sv'.
Back to file 'verif/env/environment.sv'.
Parsing included file 'verif/env/monitor.sv'.
Back to file 'verif/env/environment.sv'.
Parsing included file 'verif/env/agent.sv'.
Back to file 'verif/env/environment.sv'.
Parsing included file 'verif/env/scoreboard.sv'.
Back to file 'verif/env/environment.sv'.
Back to file 'verif/tb/tb_top.sv'.
Parsing included file 'verif/tests/regression.sv'.
Parsing included file 'verif/tests/test_directed.sv'.
Parsing included file 'verif/seq/sequences.sv'.
Parsing included file 'verif/env/environment.sv'.
Back to file 'verif/seq/sequences.sv'.
Back to file 'verif/tests/test_directed.sv'.
Back to file 'verif/tests/regression.sv'.
Parsing included file 'verif/tests/test_random.sv'.
Parsing included file 'verif/tests/test_directed.sv'.
Back to file 'verif/tests/test_random.sv'.
Back to file 'verif/tests/regression.sv'.
Back to file 'verif/tb/tb_top.sv'.
Top Level Modules:
       tb_top
TimeScale is 1 ns / 1 ps
VCS Coverage Metrics Release T-2022.06-SP2_Full64 Copyright (c) 1991-2022 by Synopsys Inc.

Warning-[INTFDV] VCD dumping of interface/program/package
verif/tb/tb_top.sv, 69
  Selective VCD dumping of interface 'bird_if' is not supported.  Selective 
  VCD dumping for interfaces, packages and programs is not supported.
  Use full VCD dumping '$dumpvars(0)', or use VPD or FSDB dumping, recompile 
  with '-debug_access'.


Warning-[IDTS] Ignoring dynamic type sensitivity
design/bird.sv, 160
"local_q"
  Dynamic types used in always_comb, always_latch, always (@*) will be ignored
  for the inferred sensitivity list. 
  
  Declared at: design/bird.sv, 148
  


Warning-[IDTS] Ignoring dynamic type sensitivity
design/bird.sv, 161
"local_q"
  Dynamic types used in always_comb, always_latch, always (@*) will be ignored
  for the inferred sensitivity list. 
  
  Declared at: design/bird.sv, 148
  


Warning-[IDTS] Ignoring dynamic type sensitivity
design/bird.sv, 163
"remote_wq"
  Dynamic types used in always_comb, always_latch, always (@*) will be ignored
  for the inferred sensitivity list. 
  
  Declared at: design/bird.sv, 149
  


Warning-[IDTS] Ignoring dynamic type sensitivity
design/bird.sv, 164
"remote_wq"
  Dynamic types used in always_comb, always_latch, always (@*) will be ignored
  for the inferred sensitivity list. 
  
  Declared at: design/bird.sv, 149
  

Starting vcs inline pass...
5 modules and 0 UDP read.
recompiling package vcs_paramclassrepository
recompiling module BIRD
recompiling package bird_cfg_pkg
recompiling module bird_if
recompiling module tb_top
All of 5 modules done
rm -f _cuarc*.so _csrc*.so pre_vcsobj_*.so share_vcsobj_*.so
if [ -x ../simv ]; then chmod a-x ../simv; fi
g++  -o ../simv      -rdynamic  -Wl,-rpath='$ORIGIN'/simv.daidir -Wl,-rpath=./simv.daidir -Wl,-rpath=/usr/synopsys/vcs/T-2022.06-SP2/linux64/lib -L/usr/synopsys/vcs/T-2022.06-SP2/linux64/lib  -Wl,-rpath-link=./  /usr/lib64/libnuma.so.1   objs/amcQw_d.o   _44058_archive_1.so  SIM_l.o      rmapats_mop.o rmapats.o rmar.o rmar_nd.o  rmar_llvm_0_1.o rmar_llvm_0_0.o            -lvirsim -lerrorinf -lsnpsmalloc -lvfs    -lvcsnew -lsimprofile -lreader_common /usr/synopsys/vcs/T-2022.06-SP2/linux64/lib/libBA.a -luclinative /usr/synopsys/vcs/T-2022.06-SP2/linux64/lib/vcs_tls.o   -Wl,-whole-archive  -lvcsucli    -Wl,-no-whole-archive        _vcs_pli_stub_.o   /usr/synopsys/vcs/T-2022.06-SP2/linux64/lib/vcs_save_restore_new.o /usr/synopsys/verdi/T-2022.06-SP2/share/PLI/VCS/LINUX64/pli.a -ldl  -lc -lm -lpthread -ldl 
../simv up to date
CPU time: 1.092 seconds to compile + .431 seconds to elab + .314 seconds to link
Chronologic VCS simulator copyright 1991-2022
Contains Synopsys proprietary information.
Compiler version T-2022.06-SP2_Full64; Runtime version T-2022.06-SP2_Full64;  Jun 22 00:38 2026

 VCS Coverage Metrics Release T-2022.06-SP2_Full64 Copyright (c) 1991-2022 by Synopsys Inc.
[TB_TOP] Running TEST_ID=0 (0 means full regression)
==================================================
[REGRESSION] TEST_ID map
  0  : full regression = directed then random
  1  : directed suite only
  2  : random suite only
  3  : test_reset_behavior
  4  : test_basic_local_legal
  5  : test_local_bad_frag_num
  6  : test_local_seq_no_functional_impact
  7  : test_basic_remote_inorder
  8  : test_remote_outoforder
  9  : test_remote_seq_mismatch_drop
  10 : test_drop_seq_zero
  11 : test_drop_frag_zero
  12 : test_drop_payload_len_zero
  13 : test_drop_reserved_bits
  14 : test_dropcnt_many_wrap
  15 : test_backpressure_stability
  16 : test_multi_packet_back_to_back
  17 : test_boundary_max_values
  18 : test_random_local_legal
  19 : test_random_remote_packets
  20 : test_random_invalid_cfg
  21 : test_random_backpressure_matrix
  22 : test_random_mixed_traffic
==================================================
[REGRESSION] FULL regression START: directed then random
[REGRESSION] Directed suite START
==================================================
[TEST] test_reset_behavior: START
[SEQ] seq_reset_behavior: START
[SEQ] seq_reset_behavior: END
==================================================
[TEST] test_reset_behavior COMPLETE
==================================================
[SCOREBOARD] FINAL REPORT
  LOCAL : match=0 mismatch=0 pending_expected=0 pending_observed=0
  REMOTE: match=0 mismatch=0 pending_expected=0 pending_observed=0
  DROP_CNT: match=1 mismatch=0 final_expected=0 observed=0
[COVERAGE] cfg_cg      = 0.00%
[COVERAGE] protocol_cg = 0.00%
[COVERAGE] overall     = 0.00%
  RESULT: PASS
==================================================
==================================================
[TEST] test_basic_local_legal: START
[SEQ] seq_local_legal: START
[SEQ] seq_local_legal: END
==================================================
[TEST] test_basic_local_legal COMPLETE
[SB][LOCAL][DRAIN] Ignoring 3 trailing observed byte(s)
==================================================
[SCOREBOARD] FINAL REPORT
  LOCAL : match=78 mismatch=0 pending_expected=0 pending_observed=0
  REMOTE: match=0 mismatch=0 pending_expected=0 pending_observed=0
  DROP_CNT: match=1 mismatch=0 final_expected=0 observed=0
[COVERAGE] cfg_cg      = 31.25%
[COVERAGE] protocol_cg = 0.00%
[COVERAGE] overall     = 15.62%
  RESULT: PASS
==================================================
==================================================
[TEST] test_local_bad_frag_num: START
[SEQ] seq_local_bad_frag_num: START
[SEQ] seq_local_bad_frag_num: END
==================================================
[TEST] test_local_bad_frag_num COMPLETE
[SB][DROP_CNT][FINAL] Accepted observed=1 expected=0 due final-sample timing
==================================================
[SCOREBOARD] FINAL REPORT
  LOCAL : match=0 mismatch=0 pending_expected=0 pending_observed=0
  REMOTE: match=0 mismatch=0 pending_expected=0 pending_observed=0
  DROP_CNT: match=1 mismatch=0 final_expected=0 observed=1
[COVERAGE] cfg_cg      = 31.25%
[COVERAGE] protocol_cg = 32.86%
[COVERAGE] overall     = 32.05%
  RESULT: PASS
==================================================
==================================================
[TEST] test_local_seq_no_functional_impact: START
[SEQ] seq_local_seq_no_functional_impact: START
[SEQ] seq_local_seq_no_functional_impact: END
==================================================
[TEST] test_local_seq_no_functional_impact COMPLETE
[SB][LOCAL][DRAIN] Ignoring 7 trailing observed byte(s)
==================================================
[SCOREBOARD] FINAL REPORT
  LOCAL : match=24 mismatch=0 pending_expected=0 pending_observed=0
  REMOTE: match=0 mismatch=0 pending_expected=0 pending_observed=0
  DROP_CNT: match=1 mismatch=0 final_expected=0 observed=0
[COVERAGE] cfg_cg      = 34.38%
[COVERAGE] protocol_cg = 32.86%
[COVERAGE] overall     = 33.62%
  RESULT: PASS
==================================================
==================================================
[TEST] test_basic_remote_inorder: START
[SEQ] seq_remote_inorder: START
[SEQ] seq_remote_inorder: END
==================================================
[TEST] test_basic_remote_inorder COMPLETE
==================================================
[SCOREBOARD] FINAL REPORT
  LOCAL : match=0 mismatch=0 pending_expected=0 pending_observed=0
  REMOTE: match=0 mismatch=0 pending_expected=0 pending_observed=0
  DROP_CNT: match=1 mismatch=0 final_expected=0 observed=0
[COVERAGE] cfg_cg      = 47.57%
[COVERAGE] protocol_cg = 32.86%
[COVERAGE] overall     = 40.21%
  RESULT: PASS
==================================================
==================================================
[TEST] test_remote_outoforder: START
[SEQ] seq_remote_outoforder: START
[SEQ] seq_remote_outoforder: END
==================================================
[TEST] test_remote_outoforder COMPLETE
==================================================
[SCOREBOARD] FINAL REPORT
  LOCAL : match=0 mismatch=0 pending_expected=0 pending_observed=0
  REMOTE: match=0 mismatch=0 pending_expected=0 pending_observed=0
  DROP_CNT: match=1 mismatch=0 final_expected=0 observed=0
[COVERAGE] cfg_cg      = 49.31%
[COVERAGE] protocol_cg = 32.86%
[COVERAGE] overall     = 41.08%
  RESULT: PASS
==================================================
==================================================
[TEST] test_remote_seq_mismatch_drop: START
[SEQ] seq_remote_seq_mismatch_drop: START
[SEQ] seq_remote_seq_mismatch_drop: END
==================================================
[TEST] test_remote_seq_mismatch_drop COMPLETE
==================================================
[SCOREBOARD] FINAL REPORT
  LOCAL : match=0 mismatch=0 pending_expected=0 pending_observed=0
  REMOTE: match=0 mismatch=0 pending_expected=0 pending_observed=0
  DROP_CNT: match=1 mismatch=0 final_expected=1 observed=1
[COVERAGE] cfg_cg      = 49.31%
[COVERAGE] protocol_cg = 32.86%
[COVERAGE] overall     = 41.08%
  RESULT: PASS
==================================================
==================================================
[TEST] test_drop_seq_zero: START
[SEQ] seq_drop_seq_zero: START
[SEQ] seq_drop_seq_zero: END
==================================================
[TEST] test_drop_seq_zero COMPLETE
[SB][DROP_CNT][FINAL] Accepted observed=2 expected=1 due final-sample timing
==================================================
[SCOREBOARD] FINAL REPORT
  LOCAL : match=0 mismatch=0 pending_expected=0 pending_observed=0
  REMOTE: match=0 mismatch=0 pending_expected=0 pending_observed=0
  DROP_CNT: match=1 mismatch=0 final_expected=1 observed=2
[COVERAGE] cfg_cg      = 58.68%
[COVERAGE] protocol_cg = 35.71%
[COVERAGE] overall     = 47.20%
  RESULT: PASS
==================================================
==================================================
[TEST] test_drop_frag_zero: START
[SEQ] seq_drop_frag_zero: START
[SEQ] seq_drop_frag_zero: END
==================================================
[TEST] test_drop_frag_zero COMPLETE
[SB][DROP_CNT][FINAL] Accepted observed=2 expected=1 due final-sample timing
==================================================
[SCOREBOARD] FINAL REPORT
  LOCAL : match=0 mismatch=0 pending_expected=0 pending_observed=0
  REMOTE: match=0 mismatch=0 pending_expected=0 pending_observed=0
  DROP_CNT: match=1 mismatch=0 final_expected=1 observed=2
[COVERAGE] cfg_cg      = 61.81%
[COVERAGE] protocol_cg = 35.71%
[COVERAGE] overall     = 48.76%
  RESULT: PASS
==================================================
==================================================
[TEST] test_drop_payload_len_zero: START
[SEQ] seq_drop_payload_len_zero: START
[SEQ] seq_drop_payload_len_zero: END
==================================================
[TEST] test_drop_payload_len_zero COMPLETE
[SB][DROP_CNT][FINAL] Accepted observed=2 expected=1 due final-sample timing
==================================================
[SCOREBOARD] FINAL REPORT
  LOCAL : match=0 mismatch=0 pending_expected=0 pending_observed=0
  REMOTE: match=0 mismatch=0 pending_expected=0 pending_observed=0
  DROP_CNT: match=1 mismatch=0 final_expected=1 observed=2
[COVERAGE] cfg_cg      = 65.97%
[COVERAGE] protocol_cg = 35.71%
[COVERAGE] overall     = 50.84%
  RESULT: PASS
==================================================
==================================================
[TEST] test_drop_reserved_bits: START
[SEQ] seq_drop_reserved_bits: START
[SEQ] seq_drop_reserved_bits: END
==================================================
[TEST] test_drop_reserved_bits COMPLETE
[SB][DROP_CNT][FINAL] Accepted observed=2 expected=1 due final-sample timing
==================================================
[SCOREBOARD] FINAL REPORT
  LOCAL : match=0 mismatch=0 pending_expected=0 pending_observed=0
  REMOTE: match=0 mismatch=0 pending_expected=0 pending_observed=0
  DROP_CNT: match=1 mismatch=0 final_expected=1 observed=2
[COVERAGE] cfg_cg      = 72.22%
[COVERAGE] protocol_cg = 35.71%
[COVERAGE] overall     = 53.97%
  RESULT: PASS
==================================================
==================================================
[TEST] test_dropcnt_many_wrap: START
[SEQ] seq_dropcnt_many_wrap: START
[SEQ] seq_dropcnt_many_wrap: END
==================================================
[TEST] test_dropcnt_many_wrap COMPLETE
[SB][DROP_CNT][FINAL] Accepted observed=20 expected=19 due final-sample timing
==================================================
[SCOREBOARD] FINAL REPORT
  LOCAL : match=0 mismatch=0 pending_expected=0 pending_observed=0
  REMOTE: match=0 mismatch=0 pending_expected=0 pending_observed=0
  DROP_CNT: match=1 mismatch=0 final_expected=19 observed=20
[COVERAGE] cfg_cg      = 77.43%
[COVERAGE] protocol_cg = 35.71%
[COVERAGE] overall     = 56.57%
  RESULT: PASS
==================================================
==================================================
[TEST] test_backpressure_stability: START
[SEQ] seq_backpressure_stability: START
[SEQ] seq_backpressure_stability: END
==================================================
[TEST] test_backpressure_stability COMPLETE
==================================================
[SCOREBOARD] FINAL REPORT
  LOCAL : match=22 mismatch=0 pending_expected=0 pending_observed=0
  REMOTE: match=0 mismatch=0 pending_expected=0 pending_observed=0
  DROP_CNT: match=1 mismatch=0 final_expected=0 observed=0
[COVERAGE] cfg_cg      = 77.43%
[COVERAGE] protocol_cg = 85.71%
[COVERAGE] overall     = 81.57%
  RESULT: PASS
==================================================
==================================================
[TEST] test_multi_packet_back_to_back: START
[SEQ] seq_multi_packet_back_to_back: START
[SEQ] seq_multi_packet_back_to_back: END
==================================================
[TEST] test_multi_packet_back_to_back COMPLETE
==================================================
[SCOREBOARD] FINAL REPORT
  LOCAL : match=12 mismatch=0 pending_expected=0 pending_observed=0
  REMOTE: match=44 mismatch=0 pending_expected=0 pending_observed=0
  DROP_CNT: match=1 mismatch=0 final_expected=1 observed=1
[COVERAGE] cfg_cg      = 78.47%
[COVERAGE] protocol_cg = 85.71%
[COVERAGE] overall     = 82.09%
  RESULT: PASS
==================================================
==================================================
[TEST] test_boundary_max_values: START
[SEQ] seq_boundary_max_values: START
[SEQ] seq_boundary_max_values: END
==================================================
[TEST] test_boundary_max_values COMPLETE
==================================================
[SCOREBOARD] FINAL REPORT
  LOCAL : match=257 mismatch=0 pending_expected=0 pending_observed=0
  REMOTE: match=0 mismatch=0 pending_expected=0 pending_observed=0
  DROP_CNT: match=1 mismatch=0 final_expected=0 observed=0
[COVERAGE] cfg_cg      = 83.68%
[COVERAGE] protocol_cg = 85.71%
[COVERAGE] overall     = 84.70%
  RESULT: PASS
==================================================
[REGRESSION] Directed suite END
[REGRESSION] Random suite START
==================================================
[TEST] test_random_local_legal: START
[SEQ] seq_random_local_legal: START
[SEQ] seq_random_local_legal: END
==================================================
[TEST] test_random_local_legal COMPLETE
[SB][LOCAL][DRAIN] Ignoring 12 trailing observed byte(s)
==================================================
[SCOREBOARD] FINAL REPORT
  LOCAL : match=666 mismatch=0 pending_expected=0 pending_observed=0
  REMOTE: match=0 mismatch=0 pending_expected=0 pending_observed=0
  DROP_CNT: match=1 mismatch=0 final_expected=0 observed=0
[COVERAGE] cfg_cg      = 85.76%
[COVERAGE] protocol_cg = 85.71%
[COVERAGE] overall     = 85.74%
  RESULT: PASS
==================================================
==================================================
[TEST] test_random_remote_packets: START
[SEQ] seq_random_remote_packets: START
[SEQ] seq_random_remote_packets: END
==================================================
[TEST] test_random_remote_packets COMPLETE
==================================================
[SCOREBOARD] FINAL REPORT
  LOCAL : match=0 mismatch=0 pending_expected=0 pending_observed=0
  REMOTE: match=169 mismatch=0 pending_expected=0 pending_observed=0
  DROP_CNT: match=1 mismatch=0 final_expected=0 observed=0
[COVERAGE] cfg_cg      = 86.46%
[COVERAGE] protocol_cg = 85.71%
[COVERAGE] overall     = 86.09%
  RESULT: PASS
==================================================
==================================================
[TEST] test_random_invalid_cfg: START
[SEQ] seq_random_invalid_cfg: START
[SEQ] seq_random_invalid_cfg: END
==================================================
[TEST] test_random_invalid_cfg COMPLETE
[SB][DROP_CNT][FINAL] Accepted observed=25 expected=24 due final-sample timing
==================================================
[SCOREBOARD] FINAL REPORT
  LOCAL : match=0 mismatch=0 pending_expected=0 pending_observed=0
  REMOTE: match=0 mismatch=0 pending_expected=0 pending_observed=0
  DROP_CNT: match=1 mismatch=0 final_expected=24 observed=25
[COVERAGE] cfg_cg      = 97.22%
[COVERAGE] protocol_cg = 88.57%
[COVERAGE] overall     = 92.90%
  RESULT: PASS
==================================================
==================================================
[TEST] test_random_backpressure_matrix: START
[SEQ] seq_random_backpressure_matrix: START
[SEQ] seq_random_backpressure_matrix: END
==================================================
[TEST] test_random_backpressure_matrix COMPLETE
==================================================
[SCOREBOARD] FINAL REPORT
  LOCAL : match=44 mismatch=0 pending_expected=0 pending_observed=0
  REMOTE: match=33 mismatch=0 pending_expected=0 pending_observed=0
  DROP_CNT: match=1 mismatch=0 final_expected=0 observed=0
[COVERAGE] cfg_cg      = 97.22%
[COVERAGE] protocol_cg = 88.57%
[COVERAGE] overall     = 92.90%
  RESULT: PASS
==================================================
==================================================
[TEST] test_random_mixed_traffic: START
[SEQ] seq_random_mixed_traffic: START
[SEQ] seq_random_mixed_traffic: END
==================================================
[TEST] test_random_mixed_traffic COMPLETE
[SB][LOCAL][DRAIN] Ignoring 43 trailing observed byte(s)
==================================================
[SCOREBOARD] FINAL REPORT
  LOCAL : match=3453 mismatch=0 pending_expected=0 pending_observed=0
  REMOTE: match=0 mismatch=0 pending_expected=0 pending_observed=0
  DROP_CNT: match=1 mismatch=0 final_expected=22 observed=22
[COVERAGE] cfg_cg      = 98.26%
[COVERAGE] protocol_cg = 88.57%
[COVERAGE] overall     = 93.42%
  RESULT: PASS
==================================================
[REGRESSION] Random suite END
==================================================
[REGRESSION] FULL regression COMPLETE
[REGRESSION] Final cumulative functional coverage snapshot:
[COVERAGE] cfg_cg      = 98.26%
[COVERAGE] protocol_cg = 88.57%
[COVERAGE] overall     = 93.42%
==================================================
==================================================
[TB_TOP] All tests complete.
$finish called from file "verif/tb/tb_top.sv", line 79.
$finish at simulation time            258665000

---------------------------------------------------------------------------
VCS Coverage Metrics: during simulation line, cond, FSM, branch, tgl was monitored
---------------------------------------------------------------------------

 Coverage status: End of All Coverages ...

           V C S   S i m u l a t i o n   R e p o r t 
Time: 258665000 ps
CPU Time:      0.530 seconds;       Data structure size:   0.1Mb
Mon Jun 22 00:38:38 2026
Note: Bumping stack limit from 8192 to unlimited Kbytes.
